This file contains any messages produced by compilers while
running configure, to aid debugging if configure makes a mistake.

It was created by IlmBase configure 2.2.0, which was
generated by GNU Autoconf 2.63.  Invocation command line was

  $ ./configure --disable-dependency-tracking --enable-osx-arch=i386 x86_64 --enable-osx-sdk=/Applications/Xcode.app/Contents/Developer/Platforms/MacOSX.platform/Developer/SDKs/MacOSX10.9.sdk --prefix=/Users/david/development/ExtDepSrc/cegui-deps-0.8.x-src/src/ilmbase-2.2.0/../../dependencies

## --------- ##
## Platform. ##
## --------- ##

hostname = AMOS_Center_Station1
uname -m = x86_64
uname -r = 13.4.0
uname -s = Darwin
uname -v = Darwin Kernel Version 13.4.0: Sun Aug 17 19:50:11 PDT 2014; root:xnu-2422.115.4~1/RELEASE_X86_64

/usr/bin/uname -p = i386
/bin/uname -X     = unknown

/bin/arch              = unknown
/usr/bin/arch -k       = unknown
/usr/convex/getsysinfo = unknown
/usr/bin/hostinfo      = Mach kernel version:
	 Darwin Kernel Version 13.4.0: Sun Aug 17 19:50:11 PDT 2014; root:xnu-2422.115.4~1/RELEASE_X86_64
Kernel configured for up to 8 processors.
4 processors are physically available.
8 processors are logically available.
Processor type: i486 (Intel 80486)
Processors active: 0 1 2 3 4 5 6 7
Primary memory available: 16.00 gigabytes
Default processor set: 229 tasks, 1320 threads, 8 processors
Load average: 1.35, Mach factor: 6.64
/bin/machine           = unknown
/usr/bin/oslevel       = unknown
/bin/universe          = unknown

PATH: /opt/subversion/bin
PATH: /usr/local/Trolltech/Qt-4.8.5/bin
PATH: /usr/bin
PATH: /bin
PATH: /usr/sbin
PATH: /sbin
PATH: /usr/local/bin
PATH: /opt/X11/bin
PATH: /Developer/usr/bin
PATH: /Users/david/bin
PATH: /sw/bin
PATH: /Users/david/development/delta3d/build/bin
PATH: /Library/Frameworks/GDAL.framework/Versions/1.9/Programs


## ----------- ##
## Core tests. ##
## ----------- ##

configure:2134: checking build system type
configure:2152: result: x86_64-apple-darwin13.4.0
configure:2174: checking host system type
configure:2189: result: x86_64-apple-darwin13.4.0
configure:2230: checking for a BSD-compatible install
configure:2298: result: /usr/bin/install -c
configure:2309: checking whether build environment is sane
configure:2369: result: yes
configure:2510: checking for a thread-safe mkdir -p
configure:2549: result: /sw/bin/gmkdir -p
configure:2562: checking for gawk
configure:2578: found /sw/bin/gawk
configure:2589: result: gawk
configure:2600: checking whether make sets $(MAKE)
configure:2622: result: yes
configure:2704: checking whether to enable maintainer-specific portions of Makefiles
configure:2713: result: no
configure:2846: checking for C++ compiler version
configure:2854: /usr/bin/c++ --version >&5
Apple LLVM version 6.0 (clang-600.0.56) (based on LLVM 3.5svn)
Target: x86_64-apple-darwin13.4.0
Thread model: posix
configure:2858: $? = 0
configure:2865: /usr/bin/c++ -v >&5
Apple LLVM version 6.0 (clang-600.0.56) (based on LLVM 3.5svn)
Target: x86_64-apple-darwin13.4.0
Thread model: posix
configure:2869: $? = 0
configure:2876: /usr/bin/c++ -V >&5
clang: error: argument to '-V' is missing (expected 1 value)
clang: error: no input files
configure:2880: $? = 1
configure:2903: checking for C++ compiler default output file name
configure:2925: /usr/bin/c++    conftest.cpp  >&5
configure:2929: $? = 0
configure:2967: result: a.out
configure:2986: checking whether the C++ compiler works
configure:2996: ./a.out
configure:3000: $? = 0
configure:3019: result: yes
configure:3026: checking whether we are cross compiling
configure:3028: result: no
configure:3031: checking for suffix of executables
configure:3038: /usr/bin/c++ -o conftest    conftest.cpp  >&5
configure:3042: $? = 0
configure:3068: result: 
configure:3074: checking for suffix of object files
configure:3100: /usr/bin/c++ -c   conftest.cpp >&5
configure:3104: $? = 0
configure:3129: result: o
configure:3133: checking whether we are using the GNU C++ compiler
configure:3162: /usr/bin/c++ -c   conftest.cpp >&5
configure:3169: $? = 0
configure:3186: result: yes
configure:3195: checking whether /usr/bin/c++ accepts -g
configure:3225: /usr/bin/c++ -c -g  conftest.cpp >&5
configure:3232: $? = 0
configure:3333: result: yes
configure:3367: checking for style of include used by make
configure:3395: result: GNU
configure:3420: checking dependency style of /usr/bin/c++
configure:3530: result: none
configure:3559: checking for a BSD-compatible install
configure:3627: result: /usr/bin/install -c
configure:3686: checking for gcc
configure:3713: result: /usr/bin/cc
configure:3945: checking for C compiler version
configure:3953: /usr/bin/cc --version >&5
Apple LLVM version 6.0 (clang-600.0.56) (based on LLVM 3.5svn)
Target: x86_64-apple-darwin13.4.0
Thread model: posix
configure:3957: $? = 0
configure:3964: /usr/bin/cc -v >&5
Apple LLVM version 6.0 (clang-600.0.56) (based on LLVM 3.5svn)
Target: x86_64-apple-darwin13.4.0
Thread model: posix
configure:3968: $? = 0
configure:3975: /usr/bin/cc -V >&5
clang: error: argument to '-V' is missing (expected 1 value)
clang: error: no input files
configure:3979: $? = 1
configure:3982: checking whether we are using the GNU C compiler
configure:4011: /usr/bin/cc -c   conftest.c >&5
configure:4018: $? = 0
configure:4035: result: yes
configure:4044: checking whether /usr/bin/cc accepts -g
configure:4074: /usr/bin/cc -c -g  conftest.c >&5
configure:4081: $? = 0
configure:4182: result: yes
configure:4199: checking for /usr/bin/cc option to accept ISO C89
configure:4273: /usr/bin/cc  -c -g -O2  conftest.c >&5
configure:4280: $? = 0
configure:4303: result: none needed
configure:4323: checking dependency style of /usr/bin/cc
configure:4433: result: none
configure:4448: checking whether ln -s works
configure:4452: result: yes
configure:4484: checking for a sed that does not truncate output
configure:4550: result: /usr/bin/sed
configure:4568: checking for grep that handles long lines and -e
configure:4628: result: /sw/bin/grep
configure:4633: checking for egrep
configure:4697: result: /sw/bin/grep -E
configure:4702: checking for fgrep
configure:4766: result: /sw/bin/grep -F
configure:4801: checking for ld used by /usr/bin/cc
configure:4868: result: /Applications/Xcode.app/Contents/Developer/Toolchains/XcodeDefault.xctoolchain/usr/bin/ld
configure:4877: checking if the linker (/Applications/Xcode.app/Contents/Developer/Toolchains/XcodeDefault.xctoolchain/usr/bin/ld) is GNU ld
configure:4892: result: no
configure:4904: checking for BSD- or MS-compatible name lister (nm)
configure:4953: result: /usr/bin/nm
configure:5071: checking the name lister (/usr/bin/nm) interface
configure:5078: /usr/bin/cc -c -g -O2  conftest.c >&5
configure:5081: /usr/bin/nm "conftest.o"
configure:5084: output
0000000000000248 S _some_variable
configure:5091: result: BSD nm
configure:5095: checking the maximum length of command line arguments
configure:5215: result: 196608
configure:5232: checking whether the shell understands some XSI constructs
configure:5242: result: yes
configure:5246: checking whether the shell understands "+="
configure:5252: result: yes
configure:5287: checking for /Applications/Xcode.app/Contents/Developer/Toolchains/XcodeDefault.xctoolchain/usr/bin/ld option to reload object files
configure:5294: result: -r
configure:5363: checking for objdump
configure:5393: result: no
configure:5422: checking how to recognize dependent libraries
configure:5618: result: pass_all
configure:5678: checking for ar
configure:5694: found /usr/bin/ar
configure:5705: result: ar
configure:5783: checking for strip
configure:5799: found /usr/bin/strip
configure:5810: result: strip
configure:5882: checking for ranlib
configure:5898: found /usr/bin/ranlib
configure:5909: result: ranlib
configure:5999: checking command to parse /usr/bin/nm output from /usr/bin/cc object
configure:6117: /usr/bin/cc -c -g -O2  conftest.c >&5
configure:6120: $? = 0
configure:6124: /usr/bin/nm conftest.o \| sed -n -e 's/^.*[	 ]\([BCDEGRST][BCDEGRST]*\)[	 ][	 ]*\([_A-Za-z][_A-Za-z0-9]*\)$/\1 \2 \2/p' \> conftest.nm
configure:6127: $? = 0
cannot find nm_test_var in conftest.nm
configure:6117: /usr/bin/cc -c -g -O2  conftest.c >&5
configure:6120: $? = 0
configure:6124: /usr/bin/nm conftest.o \| sed -n -e 's/^.*[	 ]\([BCDEGRST][BCDEGRST]*\)[	 ][	 ]*_\([_A-Za-z][_A-Za-z0-9]*\)$/\1 _\2 \2/p' \> conftest.nm
configure:6127: $? = 0
configure:6181: /usr/bin/cc -o conftest -g -O2   conftest.c conftstm.o >&5
configure:6184: $? = 0
configure:6222: result: ok
configure:6516: checking for dsymutil
configure:6532: found /usr/bin/dsymutil
configure:6543: result: dsymutil
configure:6608: checking for nmedit
configure:6624: found /usr/bin/nmedit
configure:6635: result: nmedit
configure:6700: checking for lipo
configure:6716: found /usr/bin/lipo
configure:6727: result: lipo
configure:6792: checking for otool
configure:6808: found /usr/bin/otool
configure:6819: result: otool
configure:6884: checking for otool64
configure:6914: result: no
configure:6959: checking for -single_module linker flag
/usr/bin/cc -g -O2  -o libconftest.dylib -dynamiclib -Wl,-single_module conftest.c
configure:6986: result: yes
configure:6988: checking for -exported_symbols_list linker flag
configure:7018: /usr/bin/cc -o conftest -g -O2   -Wl,-exported_symbols_list,conftest.sym conftest.c  >&5
configure:7025: $? = 0
configure:7047: result: yes
configure:7089: checking how to run the C preprocessor
configure:7129: /usr/bin/cc -E  conftest.c
configure:7136: $? = 0
configure:7167: /usr/bin/cc -E  conftest.c
conftest.c:10:10: fatal error: 'ac_nonexistent.h' file not found
#include <ac_nonexistent.h>
         ^
1 error generated.
configure:7174: $? = 1
configure: failed program was:
| /* confdefs.h.  */
| #define PACKAGE_NAME "IlmBase"
| #define PACKAGE_TARNAME "ilmbase"
| #define PACKAGE_VERSION "2.2.0"
| #define PACKAGE_STRING "IlmBase 2.2.0"
| #define PACKAGE_BUGREPORT ""
| #define PACKAGE "ilmbase"
| #define VERSION "2.2.0"
| /* end confdefs.h.  */
| #include <ac_nonexistent.h>
configure:7207: result: /usr/bin/cc -E
configure:7236: /usr/bin/cc -E  conftest.c
configure:7243: $? = 0
configure:7274: /usr/bin/cc -E  conftest.c
conftest.c:10:10: fatal error: 'ac_nonexistent.h' file not found
#include <ac_nonexistent.h>
         ^
1 error generated.
configure:7281: $? = 1
configure: failed program was:
| /* confdefs.h.  */
| #define PACKAGE_NAME "IlmBase"
| #define PACKAGE_TARNAME "ilmbase"
| #define PACKAGE_VERSION "2.2.0"
| #define PACKAGE_STRING "IlmBase 2.2.0"
| #define PACKAGE_BUGREPORT ""
| #define PACKAGE "ilmbase"
| #define VERSION "2.2.0"
| /* end confdefs.h.  */
| #include <ac_nonexistent.h>
configure:7321: checking for ANSI C header files
configure:7351: /usr/bin/cc -c -g -O2  conftest.c >&5
configure:7358: $? = 0
configure:7457: /usr/bin/cc -o conftest -g -O2   conftest.c  >&5
configure:7461: $? = 0
configure:7467: ./conftest
configure:7471: $? = 0
configure:7489: result: yes
configure:7513: checking for sys/types.h
configure:7534: /usr/bin/cc -c -g -O2  conftest.c >&5
configure:7541: $? = 0
configure:7558: result: yes
configure:7513: checking for sys/stat.h
configure:7534: /usr/bin/cc -c -g -O2  conftest.c >&5
configure:7541: $? = 0
configure:7558: result: yes
configure:7513: checking for stdlib.h
configure:7534: /usr/bin/cc -c -g -O2  conftest.c >&5
configure:7541: $? = 0
configure:7558: result: yes
configure:7513: checking for string.h
configure:7534: /usr/bin/cc -c -g -O2  conftest.c >&5
configure:7541: $? = 0
configure:7558: result: yes
configure:7513: checking for memory.h
configure:7534: /usr/bin/cc -c -g -O2  conftest.c >&5
configure:7541: $? = 0
configure:7558: result: yes
configure:7513: checking for strings.h
configure:7534: /usr/bin/cc -c -g -O2  conftest.c >&5
configure:7541: $? = 0
configure:7558: result: yes
configure:7513: checking for inttypes.h
configure:7534: /usr/bin/cc -c -g -O2  conftest.c >&5
configure:7541: $? = 0
configure:7558: result: yes
configure:7513: checking for stdint.h
configure:7534: /usr/bin/cc -c -g -O2  conftest.c >&5
configure:7541: $? = 0
configure:7558: result: yes
configure:7513: checking for unistd.h
configure:7534: /usr/bin/cc -c -g -O2  conftest.c >&5
configure:7541: $? = 0
configure:7558: result: yes
configure:7576: checking for dlfcn.h
configure:7597: /usr/bin/cc -c -g -O2  conftest.c >&5
configure:7604: $? = 0
configure:7621: result: yes
configure:7748: checking for C++ compiler version
configure:7756: /usr/bin/c++ --version >&5
Apple LLVM version 6.0 (clang-600.0.56) (based on LLVM 3.5svn)
Target: x86_64-apple-darwin13.4.0
Thread model: posix
configure:7760: $? = 0
configure:7767: /usr/bin/c++ -v >&5
Apple LLVM version 6.0 (clang-600.0.56) (based on LLVM 3.5svn)
Target: x86_64-apple-darwin13.4.0
Thread model: posix
configure:7771: $? = 0
configure:7778: /usr/bin/c++ -V >&5
clang: error: argument to '-V' is missing (expected 1 value)
clang: error: no input files
configure:7782: $? = 1
configure:7785: checking whether we are using the GNU C++ compiler
configure:7838: result: yes
configure:7847: checking whether /usr/bin/c++ accepts -g
configure:7985: result: yes
configure:8010: checking dependency style of /usr/bin/c++
configure:8120: result: none
configure:8143: checking how to run the C++ preprocessor
configure:8179: /usr/bin/c++ -E  conftest.cpp
configure:8186: $? = 0
configure:8217: /usr/bin/c++ -E  conftest.cpp
conftest.cpp:21:10: fatal error: 'ac_nonexistent.h' file not found
#include <ac_nonexistent.h>
         ^
1 error generated.
configure:8224: $? = 1
configure: failed program was:
| /* confdefs.h.  */
| #define PACKAGE_NAME "IlmBase"
| #define PACKAGE_TARNAME "ilmbase"
| #define PACKAGE_VERSION "2.2.0"
| #define PACKAGE_STRING "IlmBase 2.2.0"
| #define PACKAGE_BUGREPORT ""
| #define PACKAGE "ilmbase"
| #define VERSION "2.2.0"
| #define STDC_HEADERS 1
| #define HAVE_SYS_TYPES_H 1
| #define HAVE_SYS_STAT_H 1
| #define HAVE_STDLIB_H 1
| #define HAVE_STRING_H 1
| #define HAVE_MEMORY_H 1
| #define HAVE_STRINGS_H 1
| #define HAVE_INTTYPES_H 1
| #define HAVE_STDINT_H 1
| #define HAVE_UNISTD_H 1
| #define HAVE_DLFCN_H 1
| /* end confdefs.h.  */
| #include <ac_nonexistent.h>
configure:8257: result: /usr/bin/c++ -E
configure:8286: /usr/bin/c++ -E  conftest.cpp
configure:8293: $? = 0
configure:8324: /usr/bin/c++ -E  conftest.cpp
conftest.cpp:21:10: fatal error: 'ac_nonexistent.h' file not found
#include <ac_nonexistent.h>
         ^
1 error generated.
configure:8331: $? = 1
configure: failed program was:
| /* confdefs.h.  */
| #define PACKAGE_NAME "IlmBase"
| #define PACKAGE_TARNAME "ilmbase"
| #define PACKAGE_VERSION "2.2.0"
| #define PACKAGE_STRING "IlmBase 2.2.0"
| #define PACKAGE_BUGREPORT ""
| #define PACKAGE "ilmbase"
| #define VERSION "2.2.0"
| #define STDC_HEADERS 1
| #define HAVE_SYS_TYPES_H 1
| #define HAVE_SYS_STAT_H 1
| #define HAVE_STDLIB_H 1
| #define HAVE_STRING_H 1
| #define HAVE_MEMORY_H 1
| #define HAVE_STRINGS_H 1
| #define HAVE_INTTYPES_H 1
| #define HAVE_STDINT_H 1
| #define HAVE_UNISTD_H 1
| #define HAVE_DLFCN_H 1
| /* end confdefs.h.  */
| #include <ac_nonexistent.h>
configure:8545: checking for objdir
configure:8560: result: .libs
configure:8852: checking if /usr/bin/cc supports -fno-rtti -fno-exceptions
configure:8870: /usr/bin/cc -c -g -O2  -fno-rtti -fno-exceptions conftest.c >&5
configure:8874: $? = 0
configure:8887: result: yes
configure:8907: checking for /usr/bin/cc option to produce PIC
configure:9179: result: -fno-common -DPIC
configure:9191: checking if /usr/bin/cc PIC flag -fno-common -DPIC works
configure:9209: /usr/bin/cc -c -g -O2  -fno-common -DPIC -DPIC conftest.c >&5
configure:9213: $? = 0
configure:9226: result: yes
configure:9250: checking if /usr/bin/cc static flag -static works
configure:9278: result: no
configure:9293: checking if /usr/bin/cc supports -c -o file.o
configure:9314: /usr/bin/cc -c -g -O2  -o out/conftest2.o conftest.c >&5
configure:9318: $? = 0
configure:9340: result: yes
configure:9348: checking if /usr/bin/cc supports -c -o file.o
configure:9395: result: yes
configure:9428: checking whether the /usr/bin/cc linker (/Applications/Xcode.app/Contents/Developer/Toolchains/XcodeDefault.xctoolchain/usr/bin/ld) supports shared libraries
configure:10502: result: yes
configure:10741: checking dynamic linker characteristics
configure:11427: result: darwin13.4.0 dyld
configure:11529: checking how to hardcode library paths into programs
configure:11554: result: immediate
configure:12387: checking whether stripping libraries is possible
configure:12401: result: yes
configure:12427: checking if libtool supports shared libraries
configure:12429: result: yes
configure:12432: checking whether to build shared libraries
configure:12453: result: yes
configure:12456: checking whether to build static libraries
configure:12460: result: yes
configure:12610: checking for ld used by /usr/bin/c++
configure:12677: result: /Applications/Xcode.app/Contents/Developer/Toolchains/XcodeDefault.xctoolchain/usr/bin/ld
configure:12686: checking if the linker (/Applications/Xcode.app/Contents/Developer/Toolchains/XcodeDefault.xctoolchain/usr/bin/ld) is GNU ld
configure:12701: result: no
configure:12756: checking whether the /usr/bin/c++ linker (/Applications/Xcode.app/Contents/Developer/Toolchains/XcodeDefault.xctoolchain/usr/bin/ld) supports shared libraries
configure:13731: result: yes
configure:13759: /usr/bin/c++ -c -g -O2  conftest.cpp >&5
configure:13762: $? = 0
configure:13944: checking for /usr/bin/c++ option to produce PIC
configure:14261: result: -fno-common -DPIC
configure:14270: checking if /usr/bin/c++ PIC flag -fno-common -DPIC works
configure:14288: /usr/bin/c++ -c -g -O2  -fno-common -DPIC -DPIC conftest.cpp >&5
configure:14292: $? = 0
configure:14305: result: yes
configure:14326: checking if /usr/bin/c++ static flag -static works
configure:14354: result: no
configure:14366: checking if /usr/bin/c++ supports -c -o file.o
configure:14387: /usr/bin/c++ -c -g -O2  -o out/conftest2.o conftest.cpp >&5
configure:14391: $? = 0
configure:14413: result: yes
configure:14418: checking if /usr/bin/c++ supports -c -o file.o
configure:14465: result: yes
configure:14495: checking whether the /usr/bin/c++ linker (/Applications/Xcode.app/Contents/Developer/Toolchains/XcodeDefault.xctoolchain/usr/bin/ld) supports shared libraries
configure:14521: result: yes
configure:14658: checking dynamic linker characteristics
configure:15292: result: darwin13.4.0 dyld
configure:15343: checking how to hardcode library paths into programs
configure:15368: result: immediate
configure:15426: checking whether make sets $(MAKE)
configure:15448: result: yes
configure:15671: checking for the pthreads library -lpthreads
configure:15714: /usr/bin/cc -o conftest -g -O2    conftest.c -lpthreads  >&5
ld: library not found for -lpthreads
clang: error: linker command failed with exit code 1 (use -v to see invocation)
configure:15721: $? = 1
configure: failed program was:
| /* confdefs.h.  */
| #define PACKAGE_NAME "IlmBase"
| #define PACKAGE_TARNAME "ilmbase"
| #define PACKAGE_VERSION "2.2.0"
| #define PACKAGE_STRING "IlmBase 2.2.0"
| #define PACKAGE_BUGREPORT ""
| #define PACKAGE "ilmbase"
| #define VERSION "2.2.0"
| #define STDC_HEADERS 1
| #define HAVE_SYS_TYPES_H 1
| #define HAVE_SYS_STAT_H 1
| #define HAVE_STDLIB_H 1
| #define HAVE_STRING_H 1
| #define HAVE_MEMORY_H 1
| #define HAVE_STRINGS_H 1
| #define HAVE_INTTYPES_H 1
| #define HAVE_STDINT_H 1
| #define HAVE_UNISTD_H 1
| #define HAVE_DLFCN_H 1
| #define LT_OBJDIR ".libs/"
| /* end confdefs.h.  */
| #include <pthread.h>
| int
| main ()
| {
| pthread_t th; pthread_join(th, 0);
|                      pthread_attr_init(0); pthread_cleanup_push(0, 0);
|                      pthread_create(0,0,0,0); pthread_cleanup_pop(0);
|   ;
|   return 0;
| }
configure:15744: result: no
configure:15615: checking whether pthreads work without any flags
configure:15714: /usr/bin/cc -o conftest -g -O2    conftest.c   >&5
configure:15721: $? = 0
configure:15744: result: yes
configure:15763: checking for joinable pthread attribute
configure:15788: /usr/bin/cc -o conftest -g -O2    conftest.c   >&5
configure:15795: $? = 0
configure:15815: result: PTHREAD_CREATE_JOINABLE
configure:15825: checking if more special flags are required for pthreads
configure:15832: result: -D_THREAD_SAFE
configure:15844: checking for cc_r
configure:15872: result: /usr/bin/cc
configure:15925: checking semaphore.h usability
configure:15942: /usr/bin/cc -c -g -O2 -D_THREAD_SAFE   conftest.c >&5
configure:15949: $? = 0
configure:15963: result: yes
configure:15967: checking semaphore.h presence
configure:15982: /usr/bin/cc -E  conftest.c
configure:15989: $? = 0
configure:16003: result: yes
configure:16031: checking for semaphore.h
configure:16040: result: yes
configure:16051: checking for library containing sem_init
configure:16092: /usr/bin/cc -o conftest -g -O2 -D_THREAD_SAFE    conftest.c   >&5
configure:16099: $? = 0
configure:16130: result: none required
configure:16136: checking whether to use POSIX unnamed semaphores
configure:16178: /usr/bin/cc -o conftest -g -O2 -D_THREAD_SAFE    conftest.c   >&5
configure:16182: $? = 0
configure:16188: ./conftest
configure:16192: $? = 1
configure: program exited with status 1
configure: failed program was:
| 
| 		/* confdefs.h.  */
| #define PACKAGE_NAME "IlmBase"
| #define PACKAGE_TARNAME "ilmbase"
| #define PACKAGE_VERSION "2.2.0"
| #define PACKAGE_STRING "IlmBase 2.2.0"
| #define PACKAGE_BUGREPORT ""
| #define PACKAGE "ilmbase"
| #define VERSION "2.2.0"
| #define STDC_HEADERS 1
| #define HAVE_SYS_TYPES_H 1
| #define HAVE_SYS_STAT_H 1
| #define HAVE_STDLIB_H 1
| #define HAVE_STRING_H 1
| #define HAVE_MEMORY_H 1
| #define HAVE_STRINGS_H 1
| #define HAVE_INTTYPES_H 1
| #define HAVE_STDINT_H 1
| #define HAVE_UNISTD_H 1
| #define HAVE_DLFCN_H 1
| #define LT_OBJDIR ".libs/"
| #define HAVE_PTHREAD 1
| #define HAVE_SEMAPHORE_H 1
| /* end confdefs.h.  */
| #include <semaphore.h>
| int
| main ()
| {
| 
| 		    sem_t mysem;
| 		    if (sem_init (&mysem, 1, 1) == 0)
| 		    {
| 			if (sem_wait (&mysem) == 0)
| 			{
| 			    sem_post (&mysem);
| 			    sem_destroy (&mysem);
| 			    return 0;
| 			}
| 		    }
| 		    return 1;
| 
|   ;
|   return 0;
| }
| 
configure:16205: result: no (pshared not usable)
configure:16251: multithread true, LIBS =  , CC = /usr/bin/cc, CXXFLAGS = -g -O2 -D_THREAD_SAFE 
configure:16255: checking for ANSI C header files
configure:16423: result: yes
configure:16451: checking limits.h usability
configure:16468: /usr/bin/cc -c -g -O2 -D_THREAD_SAFE   conftest.c >&5
configure:16475: $? = 0
configure:16489: result: yes
configure:16493: checking limits.h presence
configure:16508: /usr/bin/cc -E  conftest.c
configure:16515: $? = 0
configure:16529: result: yes
configure:16557: checking for limits.h
configure:16566: result: yes
configure:16440: checking for unistd.h
configure:16447: result: yes
configure:16451: checking ucontext.h usability
configure:16468: /usr/bin/cc -c -g -O2 -D_THREAD_SAFE   conftest.c >&5
In file included from conftest.c:60:
/usr/include/ucontext.h:43:2: error: The deprecated ucontext routines require _XOPEN_SOURCE to be defined
#error The deprecated ucontext routines require _XOPEN_SOURCE to be defined
 ^
1 error generated.
configure:16475: $? = 1
configure: failed program was:
| /* confdefs.h.  */
| #define PACKAGE_NAME "IlmBase"
| #define PACKAGE_TARNAME "ilmbase"
| #define PACKAGE_VERSION "2.2.0"
| #define PACKAGE_STRING "IlmBase 2.2.0"
| #define PACKAGE_BUGREPORT ""
| #define PACKAGE "ilmbase"
| #define VERSION "2.2.0"
| #define STDC_HEADERS 1
| #define HAVE_SYS_TYPES_H 1
| #define HAVE_SYS_STAT_H 1
| #define HAVE_STDLIB_H 1
| #define HAVE_STRING_H 1
| #define HAVE_MEMORY_H 1
| #define HAVE_STRINGS_H 1
| #define HAVE_INTTYPES_H 1
| #define HAVE_STDINT_H 1
| #define HAVE_UNISTD_H 1
| #define HAVE_DLFCN_H 1
| #define LT_OBJDIR ".libs/"
| #define HAVE_PTHREAD 1
| #define HAVE_SEMAPHORE_H 1
| #define STDC_HEADERS 1
| #define HAVE_LIMITS_H 1
| #define HAVE_UNISTD_H 1
| /* end confdefs.h.  */
| #include <stdio.h>
| #ifdef HAVE_SYS_TYPES_H
| # include <sys/types.h>
| #endif
| #ifdef HAVE_SYS_STAT_H
| # include <sys/stat.h>
| #endif
| #ifdef STDC_HEADERS
| # include <stdlib.h>
| # include <stddef.h>
| #else
| # ifdef HAVE_STDLIB_H
| #  include <stdlib.h>
| # endif
| #endif
| #ifdef HAVE_STRING_H
| # if !defined STDC_HEADERS && defined HAVE_MEMORY_H
| #  include <memory.h>
| # endif
| # include <string.h>
| #endif
| #ifdef HAVE_STRINGS_H
| # include <strings.h>
| #endif
| #ifdef HAVE_INTTYPES_H
| # include <inttypes.h>
| #endif
| #ifdef HAVE_STDINT_H
| # include <stdint.h>
| #endif
| #ifdef HAVE_UNISTD_H
| # include <unistd.h>
| #endif
| #include <ucontext.h>
configure:16489: result: no
configure:16493: checking ucontext.h presence
configure:16508: /usr/bin/cc -E  conftest.c
In file included from conftest.c:27:
/usr/include/ucontext.h:43:2: error: The deprecated ucontext routines require _XOPEN_SOURCE to be defined
#error The deprecated ucontext routines require _XOPEN_SOURCE to be defined
 ^
1 error generated.
configure:16515: $? = 1
configure: failed program was:
| /* confdefs.h.  */
| #define PACKAGE_NAME "IlmBase"
| #define PACKAGE_TARNAME "ilmbase"
| #define PACKAGE_VERSION "2.2.0"
| #define PACKAGE_STRING "IlmBase 2.2.0"
| #define PACKAGE_BUGREPORT ""
| #define PACKAGE "ilmbase"
| #define VERSION "2.2.0"
| #define STDC_HEADERS 1
| #define HAVE_SYS_TYPES_H 1
| #define HAVE_SYS_STAT_H 1
| #define HAVE_STDLIB_H 1
| #define HAVE_STRING_H 1
| #define HAVE_MEMORY_H 1
| #define HAVE_STRINGS_H 1
| #define HAVE_INTTYPES_H 1
| #define HAVE_STDINT_H 1
| #define HAVE_UNISTD_H 1
| #define HAVE_DLFCN_H 1
| #define LT_OBJDIR ".libs/"
| #define HAVE_PTHREAD 1
| #define HAVE_SEMAPHORE_H 1
| #define STDC_HEADERS 1
| #define HAVE_LIMITS_H 1
| #define HAVE_UNISTD_H 1
| /* end confdefs.h.  */
| #include <ucontext.h>
configure:16529: result: no
configure:16557: checking for ucontext.h
configure:16566: result: no
configure:16582: checking for an ANSI C-conforming const
configure:16657: /usr/bin/cc -c -g -O2 -D_THREAD_SAFE   conftest.c >&5
configure:16664: $? = 0
configure:16679: result: yes
configure:16689: checking for inline
configure:16715: /usr/bin/cc -c -g -O2 -D_THREAD_SAFE   conftest.c >&5
configure:16722: $? = 0
configure:16740: result: inline
configure:16759: checking for size_t
configure:16787: /usr/bin/cc -c -g -O2 -D_THREAD_SAFE   conftest.c >&5
configure:16794: $? = 0
configure:16821: /usr/bin/cc -c -g -O2 -D_THREAD_SAFE   conftest.c >&5
conftest.c:63:21: error: expected expression
if (sizeof ((size_t)))
                    ^
1 error generated.
configure:16828: $? = 1
configure: failed program was:
| /* confdefs.h.  */
| #define PACKAGE_NAME "IlmBase"
| #define PACKAGE_TARNAME "ilmbase"
| #define PACKAGE_VERSION "2.2.0"
| #define PACKAGE_STRING "IlmBase 2.2.0"
| #define PACKAGE_BUGREPORT ""
| #define PACKAGE "ilmbase"
| #define VERSION "2.2.0"
| #define STDC_HEADERS 1
| #define HAVE_SYS_TYPES_H 1
| #define HAVE_SYS_STAT_H 1
| #define HAVE_STDLIB_H 1
| #define HAVE_STRING_H 1
| #define HAVE_MEMORY_H 1
| #define HAVE_STRINGS_H 1
| #define HAVE_INTTYPES_H 1
| #define HAVE_STDINT_H 1
| #define HAVE_UNISTD_H 1
| #define HAVE_DLFCN_H 1
| #define LT_OBJDIR ".libs/"
| #define HAVE_PTHREAD 1
| #define HAVE_SEMAPHORE_H 1
| #define STDC_HEADERS 1
| #define HAVE_LIMITS_H 1
| #define HAVE_UNISTD_H 1
| /* end confdefs.h.  */
| #include <stdio.h>
| #ifdef HAVE_SYS_TYPES_H
| # include <sys/types.h>
| #endif
| #ifdef HAVE_SYS_STAT_H
| # include <sys/stat.h>
| #endif
| #ifdef STDC_HEADERS
| # include <stdlib.h>
| # include <stddef.h>
| #else
| # ifdef HAVE_STDLIB_H
| #  include <stdlib.h>
| # endif
| #endif
| #ifdef HAVE_STRING_H
| # if !defined STDC_HEADERS && defined HAVE_MEMORY_H
| #  include <memory.h>
| # endif
| # include <string.h>
| #endif
| #ifdef HAVE_STRINGS_H
| # include <strings.h>
| #endif
| #ifdef HAVE_INTTYPES_H
| # include <inttypes.h>
| #endif
| #ifdef HAVE_STDINT_H
| # include <stdint.h>
| #endif
| #ifdef HAVE_UNISTD_H
| # include <unistd.h>
| #endif
| int
| main ()
| {
| if (sizeof ((size_t)))
| 	  return 0;
|   ;
|   return 0;
| }
configure:16851: result: yes
configure:16868: checking for strerror
configure:16924: /usr/bin/cc -o conftest -g -O2 -D_THREAD_SAFE    conftest.c   >&5
conftest.c:50:6: warning: incompatible redeclaration of library function 'strerror' [-Wincompatible-library-redeclaration]
char strerror ();
     ^
conftest.c:50:6: note: 'strerror' is a builtin with type 'char *(int)'
1 warning generated.
configure:16931: $? = 0
configure:16953: result: yes
configure:16967: checking for complete iomanip support in C++ standard library
configure:17001: /usr/bin/c++ -c -g -O2 -D_THREAD_SAFE   conftest.cpp >&5
conftest.cpp:34:2: warning: expression result unused [-Wunused-value]
        std::right;
        ^~~~~~~~~~
1 warning generated.
configure:17008: $? = 0
configure:17025: result: yes
configure:17029: checking for fpe support handling
configure:17061: /usr/bin/c++ -c -g -O2 -D_THREAD_SAFE   conftest.cpp >&5
In file included from conftest.cpp:31:
/usr/include/ucontext.h:43:2: error: The deprecated ucontext routines require _XOPEN_SOURCE to be defined
#error The deprecated ucontext routines require _XOPEN_SOURCE to be defined
 ^
conftest.cpp:37:5: error: unknown type name 'ucontext_t'
    ucontext_t ucon;
    ^
2 errors generated.
configure:17068: $? = 1
configure: failed program was:
| /* confdefs.h.  */
| #define PACKAGE_NAME "IlmBase"
| #define PACKAGE_TARNAME "ilmbase"
| #define PACKAGE_VERSION "2.2.0"
| #define PACKAGE_STRING "IlmBase 2.2.0"
| #define PACKAGE_BUGREPORT ""
| #define PACKAGE "ilmbase"
| #define VERSION "2.2.0"
| #define STDC_HEADERS 1
| #define HAVE_SYS_TYPES_H 1
| #define HAVE_SYS_STAT_H 1
| #define HAVE_STDLIB_H 1
| #define HAVE_STRING_H 1
| #define HAVE_MEMORY_H 1
| #define HAVE_STRINGS_H 1
| #define HAVE_INTTYPES_H 1
| #define HAVE_STDINT_H 1
| #define HAVE_UNISTD_H 1
| #define HAVE_DLFCN_H 1
| #define LT_OBJDIR ".libs/"
| #define HAVE_PTHREAD 1
| #define HAVE_SEMAPHORE_H 1
| #define STDC_HEADERS 1
| #define HAVE_LIMITS_H 1
| #define HAVE_UNISTD_H 1
| #define HAVE_STRERROR 1
| #define HAVE_COMPLETE_IOMANIP 1
| /* end confdefs.h.  */
| 
| #include <stdint.h>
| #include <ucontext.h>
| 
| int
| main ()
| {
| 
|     ucontext_t ucon;
|     uint32_t mxcsr = ucon.uc_mcontext.fpregs->mxcsr;
|     uint16_t cw    = ucon.uc_mcontext.fpregs->cwd;
| 
| 
|   ;
|   return 0;
| }
configure:17085: result: no
configure:17146: checking for gcc optimization flags
configure:17171: /usr/bin/cc -c -g -O2 -D_THREAD_SAFE  -pipe  conftest.c >&5
configure:17178: $? = 0
configure:17193: result: -pipe
configure:17598: creating ./config.status

## ---------------------- ##
## Running config.status. ##
## ---------------------- ##

This file was extended by IlmBase config.status 2.2.0, which was
generated by GNU Autoconf 2.63.  Invocation command line was

  CONFIG_FILES    = 
  CONFIG_HEADERS  = 
  CONFIG_LINKS    = 
  CONFIG_COMMANDS = 
  $ ./config.status 

on AMOS_Center_Station1

config.status:1092: creating Makefile
config.status:1092: creating IlmBase.pc
config.status:1092: creating config/Makefile
config.status:1092: creating Half/Makefile
config.status:1092: creating HalfTest/Makefile
config.status:1092: creating Iex/Makefile
config.status:1092: creating IexMath/Makefile
config.status:1092: creating IexTest/Makefile
config.status:1092: creating IlmThread/Makefile
config.status:1092: creating Imath/Makefile
config.status:1092: creating ImathTest/Makefile
config.status:1092: creating config/IlmBaseConfig.h
config.status:1314: config/IlmBaseConfig.h is unchanged
config.status:1366: executing depfiles commands
config.status:1366: executing libtool commands
configure:20103: result:
---------------------------------------------
Summary for IlmBase features:
enable large stack optimizations             no
configure:20113: result:
internal library namespaces                  Imath_2_2
                                             Iex_2_2
                                             IlmThread_2_2
configure:20136: result:
public namespaces                            Imath Iex IlmThread
configure:20146: result:
OS X architectures                           i386 x86_64
OS X SDK                                     /Applications/Xcode.app/Contents/Developer/Platforms/MacOSX.platform/Developer/SDKs/MacOSX10.9.sdk
OS X two-way universal build (deprecated)    no
configure:20155: result:
---------------------------------------------


## ---------------- ##
## Cache variables. ##
## ---------------- ##

ac_cv_build=x86_64-apple-darwin13.4.0
ac_cv_c_compiler_gnu=yes
ac_cv_c_const=yes
ac_cv_c_inline=inline
ac_cv_cxx_compiler_gnu=yes
ac_cv_env_CCC_set=
ac_cv_env_CCC_value=
ac_cv_env_CC_set=set
ac_cv_env_CC_value=/usr/bin/cc
ac_cv_env_CFLAGS_set=
ac_cv_env_CFLAGS_value=
ac_cv_env_CPPFLAGS_set=
ac_cv_env_CPPFLAGS_value=
ac_cv_env_CPP_set=
ac_cv_env_CPP_value=
ac_cv_env_CXXCPP_set=
ac_cv_env_CXXCPP_value=
ac_cv_env_CXXFLAGS_set=
ac_cv_env_CXXFLAGS_value=
ac_cv_env_CXX_set=set
ac_cv_env_CXX_value=/usr/bin/c++
ac_cv_env_LDFLAGS_set=
ac_cv_env_LDFLAGS_value=
ac_cv_env_LIBS_set=
ac_cv_env_LIBS_value=
ac_cv_env_build_alias_set=
ac_cv_env_build_alias_value=
ac_cv_env_host_alias_set=
ac_cv_env_host_alias_value=
ac_cv_env_target_alias_set=
ac_cv_env_target_alias_value=
ac_cv_func_strerror=yes
ac_cv_header_dlfcn_h=yes
ac_cv_header_inttypes_h=yes
ac_cv_header_limits_h=yes
ac_cv_header_memory_h=yes
ac_cv_header_semaphore_h=yes
ac_cv_header_stdc=yes
ac_cv_header_stdint_h=yes
ac_cv_header_stdlib_h=yes
ac_cv_header_string_h=yes
ac_cv_header_strings_h=yes
ac_cv_header_sys_stat_h=yes
ac_cv_header_sys_types_h=yes
ac_cv_header_ucontext_h=no
ac_cv_header_unistd_h=yes
ac_cv_host=x86_64-apple-darwin13.4.0
ac_cv_objext=o
ac_cv_path_EGREP='/sw/bin/grep -E'
ac_cv_path_FGREP='/sw/bin/grep -F'
ac_cv_path_GREP=/sw/bin/grep
ac_cv_path_SED=/usr/bin/sed
ac_cv_path_install='/usr/bin/install -c'
ac_cv_path_mkdir=/sw/bin/gmkdir
ac_cv_prog_AWK=gawk
ac_cv_prog_CPP='/usr/bin/cc -E'
ac_cv_prog_CXXCPP='/usr/bin/c++ -E'
ac_cv_prog_PTHREAD_CC=/usr/bin/cc
ac_cv_prog_ac_ct_AR=ar
ac_cv_prog_ac_ct_CC=/usr/bin/cc
ac_cv_prog_ac_ct_DSYMUTIL=dsymutil
ac_cv_prog_ac_ct_LIPO=lipo
ac_cv_prog_ac_ct_NMEDIT=nmedit
ac_cv_prog_ac_ct_OTOOL=otool
ac_cv_prog_ac_ct_RANLIB=ranlib
ac_cv_prog_ac_ct_STRIP=strip
ac_cv_prog_cc_c89=
ac_cv_prog_cc_g=yes
ac_cv_prog_cxx_g=yes
ac_cv_prog_make_make_set=yes
ac_cv_search_sem_init='none required'
ac_cv_type_size_t=yes
am_cv_CC_dependencies_compiler_type=none
am_cv_CXX_dependencies_compiler_type=none
lt_cv_apple_cc_single_mod=yes
lt_cv_deplibs_check_method=pass_all
lt_cv_file_magic_cmd='$MAGIC_CMD'
lt_cv_file_magic_test_file=
lt_cv_ld_exported_symbols_list=yes
lt_cv_ld_reload_flag=-r
lt_cv_nm_interface='BSD nm'
lt_cv_objdir=.libs
lt_cv_path_LD=/Applications/Xcode.app/Contents/Developer/Toolchains/XcodeDefault.xctoolchain/usr/bin/ld
lt_cv_path_LDCXX=/Applications/Xcode.app/Contents/Developer/Toolchains/XcodeDefault.xctoolchain/usr/bin/ld
lt_cv_path_NM=/usr/bin/nm
lt_cv_prog_compiler_c_o=yes
lt_cv_prog_compiler_c_o_CXX=yes
lt_cv_prog_compiler_pic_works=yes
lt_cv_prog_compiler_pic_works_CXX=yes
lt_cv_prog_compiler_rtti_exceptions=yes
lt_cv_prog_compiler_static_works=no
lt_cv_prog_compiler_static_works_CXX=no
lt_cv_prog_gnu_ld=no
lt_cv_prog_gnu_ldcxx=no
lt_cv_sys_global_symbol_pipe='sed -n -e '\''s/^.*[	 ]\([BCDEGRST][BCDEGRST]*\)[	 ][	 ]*_\([_A-Za-z][_A-Za-z0-9]*\)$/\1 _\2 \2/p'\'''
lt_cv_sys_global_symbol_to_c_name_address='sed -n -e '\''s/^: \([^ ]*\) $/  {\"\1\", (void *) 0},/p'\'' -e '\''s/^[BCDEGRST]* \([^ ]*\) \([^ ]*\)$/  {"\2", (void *) \&\2},/p'\'''
lt_cv_sys_global_symbol_to_c_name_address_lib_prefix='sed -n -e '\''s/^: \([^ ]*\) $/  {\"\1\", (void *) 0},/p'\'' -e '\''s/^[BCDEGRST]* \([^ ]*\) \(lib[^ ]*\)$/  {"\2", (void *) \&\2},/p'\'' -e '\''s/^[BCDEGRST]* \([^ ]*\) \([^ ]*\)$/  {"lib\2", (void *) \&\2},/p'\'''
lt_cv_sys_global_symbol_to_cdecl='sed -n -e '\''s/^T .* \(.*\)$/extern int \1();/p'\'' -e '\''s/^[BCDEGRST]* .* \(.*\)$/extern char \1;/p'\'''
lt_cv_sys_max_cmd_len=196608

## ----------------- ##
## Output variables. ##
## ----------------- ##

ACLOCAL='${SHELL} /Users/david/development/ExtDepSrc/cegui-deps-0.8.x-src/src/ilmbase-2.2.0/missing --run aclocal-1.11'
AMDEPBACKSLASH=''
AMDEP_FALSE=''
AMDEP_TRUE='#'
AMTAR='${SHELL} /Users/david/development/ExtDepSrc/cegui-deps-0.8.x-src/src/ilmbase-2.2.0/missing --run tar'
AM_CFLAGS='-pipe'
AM_CXXFLAGS='-pipe'
AR='ar'
AUTOCONF='${SHELL} /Users/david/development/ExtDepSrc/cegui-deps-0.8.x-src/src/ilmbase-2.2.0/missing --run autoconf'
AUTOHEADER='${SHELL} /Users/david/development/ExtDepSrc/cegui-deps-0.8.x-src/src/ilmbase-2.2.0/missing --run autoheader'
AUTOMAKE='${SHELL} /Users/david/development/ExtDepSrc/cegui-deps-0.8.x-src/src/ilmbase-2.2.0/missing --run automake-1.11'
AWK='gawk'
CC='/usr/bin/cc'
CCDEPMODE='depmode=none'
CFLAGS='-g -O2 -D_THREAD_SAFE '
CPP='/usr/bin/cc -E'
CPPFLAGS=''
CXX='/usr/bin/c++'
CXXCPP='/usr/bin/c++ -E'
CXXDEPMODE='depmode=none'
CXXFLAGS='-g -O2 -D_THREAD_SAFE  -arch i386 -arch x86_64 -isysroot /Applications/Xcode.app/Contents/Developer/Platforms/MacOSX.platform/Developer/SDKs/MacOSX10.9.sdk'
CYGPATH_W='echo'
DEFS='-DHAVE_CONFIG_H'
DEPDIR='.deps'
DSYMUTIL='dsymutil'
DUMPBIN=''
ECHO_C='\c'
ECHO_N=''
ECHO_T=''
EGREP='/sw/bin/grep -E'
EXEEXT=''
FGREP='/sw/bin/grep -F'
GREP='/sw/bin/grep'
HAVE_UCONTEXT_H=''
ILMBASE_VERSION='2.2.0'
ILMBASE_VERSION_API='2_2'
ILMBASE_VERSION_MAJOR='2'
ILMBASE_VERSION_MINOR='2'
ILMBASE_VERSION_PATCH='0'
INSTALL_DATA='${INSTALL} -m 644'
INSTALL_PROGRAM='${INSTALL}'
INSTALL_SCRIPT='${INSTALL}'
INSTALL_STRIP_PROGRAM='$(install_sh) -c -s'
LD='/Applications/Xcode.app/Contents/Developer/Toolchains/XcodeDefault.xctoolchain/usr/bin/ld'
LDFLAGS=''
LIBOBJS=''
LIBS=' '
LIBTOOL='$(SHELL) $(top_builddir)/libtool'
LIBTOOL_VERSION='12:0:0'
LIB_SUFFIX='2_2'
LIB_SUFFIX_DASH='-2_2'
LIB_SUFFIX_EXISTS_FALSE='#'
LIB_SUFFIX_EXISTS_TRUE=''
LIPO='lipo'
LN_S='ln -s'
LTLIBOBJS=''
MAINT='#'
MAINTAINER_MODE_FALSE=''
MAINTAINER_MODE_TRUE='#'
MAKEINFO='${SHELL} /Users/david/development/ExtDepSrc/cegui-deps-0.8.x-src/src/ilmbase-2.2.0/missing --run makeinfo'
MKDIR_P='/sw/bin/gmkdir -p'
NM='/usr/bin/nm'
NMEDIT='nmedit'
OBJDUMP='false'
OBJEXT='o'
OTOOL64=':'
OTOOL='otool'
PACKAGE='ilmbase'
PACKAGE_BUGREPORT=''
PACKAGE_NAME='IlmBase'
PACKAGE_STRING='IlmBase 2.2.0'
PACKAGE_TARNAME='ilmbase'
PACKAGE_VERSION='2.2.0'
PATH_SEPARATOR=':'
PTHREAD_CC='/usr/bin/cc'
PTHREAD_CFLAGS='-D_THREAD_SAFE '
PTHREAD_LIBS=''
RANLIB='ranlib'
SED='/usr/bin/sed'
SET_MAKE=''
SHELL='/bin/sh'
STRIP='strip'
VERSION='2.2.0'
ac_ct_CC='/usr/bin/cc'
ac_ct_CXX=''
ac_ct_DUMPBIN=''
acx_pthread_config=''
am__EXEEXT_FALSE=''
am__EXEEXT_TRUE='#'
am__fastdepCC_FALSE=''
am__fastdepCC_TRUE='#'
am__fastdepCXX_FALSE=''
am__fastdepCXX_TRUE='#'
am__include='include'
am__isrc=''
am__leading_dot='.'
am__quote=''
am__tar='${AMTAR} chof - "$$tardir"'
am__untar='${AMTAR} xf -'
bindir='${exec_prefix}/bin'
build='x86_64-apple-darwin13.4.0'
build_alias=''
build_cpu='x86_64'
build_os='darwin13.4.0'
build_vendor='apple'
datadir='${datarootdir}'
datarootdir='${prefix}/share'
docdir='${datarootdir}/doc/${PACKAGE_TARNAME}'
dvidir='${docdir}'
exec_prefix='${prefix}'
host='x86_64-apple-darwin13.4.0'
host_alias=''
host_cpu='x86_64'
host_os='darwin13.4.0'
host_vendor='apple'
htmldir='${docdir}'
includedir='${prefix}/include'
infodir='${datarootdir}/info'
install_sh='${SHELL} /Users/david/development/ExtDepSrc/cegui-deps-0.8.x-src/src/ilmbase-2.2.0/install-sh'
libdir='${exec_prefix}/lib'
libexecdir='${exec_prefix}/libexec'
localedir='${datarootdir}/locale'
localstatedir='${prefix}/var'
lt_ECHO='/bin/echo'
mandir='${datarootdir}/man'
mkdir_p='/sw/bin/gmkdir -p'
oldincludedir='/usr/include'
pdfdir='${docdir}'
prefix='/Users/david/development/ExtDepSrc/cegui-deps-0.8.x-src/src/ilmbase-2.2.0/../../dependencies'
program_transform_name='s,x,x,'
psdir='${docdir}'
sbindir='${exec_prefix}/sbin'
sharedstatedir='${prefix}/com'
sysconfdir='${prefix}/etc'
target_alias=''

## ----------- ##
## confdefs.h. ##
## ----------- ##

#define PACKAGE_NAME "IlmBase"
#define PACKAGE_TARNAME "ilmbase"
#define PACKAGE_VERSION "2.2.0"
#define PACKAGE_STRING "IlmBase 2.2.0"
#define PACKAGE_BUGREPORT ""
#define PACKAGE "ilmbase"
#define VERSION "2.2.0"
#define STDC_HEADERS 1
#define HAVE_SYS_TYPES_H 1
#define HAVE_SYS_STAT_H 1
#define HAVE_STDLIB_H 1
#define HAVE_STRING_H 1
#define HAVE_MEMORY_H 1
#define HAVE_STRINGS_H 1
#define HAVE_INTTYPES_H 1
#define HAVE_STDINT_H 1
#define HAVE_UNISTD_H 1
#define HAVE_DLFCN_H 1
#define LT_OBJDIR ".libs/"
#define HAVE_PTHREAD 1
#define HAVE_SEMAPHORE_H 1
#define STDC_HEADERS 1
#define HAVE_LIMITS_H 1
#define HAVE_UNISTD_H 1
#define HAVE_STRERROR 1
#define HAVE_COMPLETE_IOMANIP 1
#define ILMBASE_VERSION_STRING "2.2.0"
#define ILMBASE_PACKAGE_STRING "IlmBase 2.2.0"
#define ILMBASE_VERSION_MAJOR 2
#define ILMBASE_VERSION_MINOR 2
#define ILMBASE_VERSION_PATCH 0
#define IMATH_INTERNAL_NAMESPACE Imath_2_2
#define IEX_INTERNAL_NAMESPACE Iex_2_2
#define ILMTHREAD_INTERNAL_NAMESPACE IlmThread_2_2
#define ILMBASE_INTERNAL_NAMESPACE_CUSTOM 1
#define IMATH_NAMESPACE Imath
#define IEX_NAMESPACE Iex
#define ILMTHREAD_NAMESPACE IlmThread

configure: exit 0
